<!DOCTYPE html PUBLIC "-//W3C//DTD XHTML 1.1//EN" "https://www.w3.org/TR/xhtml11/DTD/xhtml11.dtd">
<html xmlns="https://www.w3.org/1999/xhtml">
<head>
<meta http-equiv="content-type" content="text/html; charset=UTF-8"/>
<title>TestNG Report</title>
<style type="text/css">table {margin-bottom:10px;border-collapse:collapse;empty-cells:show}th,td {border:1px solid #009;padding:.25em .5em}th {vertical-align:bottom}td {vertical-align:top}table a {font-weight:bold}.stripe td {background-color: #E6EBF9}.num {text-align:right}.passedodd td {background-color: #3F3}.passedeven td {background-color: #0A0}.skippedodd td {background-color: #DDD}.skippedeven td {background-color: #CCC}.failedodd td,.attn {background-color: #F33}.failedeven td,.stripe .attn {background-color: #D00}.stacktrace {white-space:pre;font-family:monospace}.totop {font-size:85%;text-align:center;border-bottom:2px solid #000}.invisible {display:none}</style>
</head>
<body>
<table>
<tr><th>Test</th><th># Passed</th><th># Skipped</th><th># Retried</th><th># Failed</th><th>Time (ms)</th><th>Included Groups</th><th>Excluded Groups</th></tr>
<tr><th colspan="8">CalculatorSmokeTest</th></tr>
<tr><td><a href="#t0">CalculatorFunctionality</a></td><td class="num">11</td><td class="num">0</td><td class="num">0</td><td class="num attn">12</td><td class="num">28,373</td><td></td><td></td></tr>
</table>
<table id='summary'><thead><tr><th>Class</th><th>Method</th><th>Start</th><th>Time (ms)</th></tr></thead><tbody><tr><th colspan="4">CalculatorSmokeTest</th></tr></tbody><tbody id="t0"><tr><th colspan="4">CalculatorFunctionality &#8212; failed</th></tr><tr class="failedeven"><td rowspan="12">tests.CalculatorFunctionalityTest</td><td><a href="#m0">addTest</a></td><td rowspan="1">1628739049098</td><td rowspan="1">240</td></tr><tr class="failedeven"><td><a href="#m1">changeActionTest</a></td><td rowspan="1">1628739068767</td><td rowspan="1">2353</td></tr><tr class="failedeven"><td><a href="#m2">clearButtonTest</a></td><td rowspan="1">1628739074990</td><td rowspan="1">407</td></tr><tr class="failedeven"><td><a href="#m3">divideTest</a></td><td rowspan="3">1628739063932</td><td rowspan="3">188</td></tr><tr class="failedeven"><td><a href="#m4">divideTest</a></td></tr><tr class="failedeven"><td><a href="#m5">divideTest</a></td></tr><tr class="failedeven"><td><a href="#m6">multiplyTest</a></td><td rowspan="5">1628739059109</td><td rowspan="5">227</td></tr><tr class="failedeven"><td><a href="#m7">multiplyTest</a></td></tr><tr class="failedeven"><td><a href="#m8">multiplyTest</a></td></tr><tr class="failedeven"><td><a href="#m9">multiplyTest</a></td></tr><tr class="failedeven"><td><a href="#m10">multiplyTest</a></td></tr><tr class="failedeven"><td><a href="#m11">subtractTest</a></td><td rowspan="1">1628739054100</td><td rowspan="1">189</td></tr><tr><th colspan="4">CalculatorFunctionality &#8212; passed</th></tr><tr class="passedeven"><td rowspan="11">tests.CalculatorFunctionalityTest</td><td><a href="#m12">addTest</a></td><td rowspan="4">1628739050168</td><td rowspan="4">208</td></tr><tr class="passedeven"><td><a href="#m13">addTest</a></td></tr><tr class="passedeven"><td><a href="#m14">addTest</a></td></tr><tr class="passedeven"><td><a href="#m15">addTest</a></td></tr><tr class="passedeven"><td><a href="#m16">divideTest</a></td><td rowspan="2">1628739065833</td><td rowspan="2">201</td></tr><tr class="passedeven"><td><a href="#m17">divideTest</a></td></tr><tr class="passedeven"><td><a href="#m18">floatingPointTest</a></td><td rowspan="1">1628739071893</td><td rowspan="1">2301</td></tr><tr class="passedeven"><td><a href="#m19">subtractTest</a></td><td rowspan="4">1628739057189</td><td rowspan="4">206</td></tr><tr class="passedeven"><td><a href="#m20">subtractTest</a></td></tr><tr class="passedeven"><td><a href="#m21">subtractTest</a></td></tr><tr class="passedeven"><td><a href="#m22">subtractTest</a></td></tr></tbody>
</table>
<h2>CalculatorFunctionality</h2><h3 id="m0">tests.CalculatorFunctionalityTest#addTest</h3><table class="result"><tr class="param"><th>Parameter #1</th><th>Parameter #2</th><th>Parameter #3</th><th>Parameter #4</th><th>Parameter #5</th><th>Parameter #6</th></tr><tr class="param stripe"><td>1</td><td>5</td><td>6</td><td>-4</td><td>5</td><td>0.2</td></tr><tr><th colspan="6">Exception</th></tr><tr><td colspan="6"><div class="stacktrace">java.lang.AssertionError: expected [6] but found [7]
	at tests.CalculatorFunctionalityTest.addTest(CalculatorFunctionalityTest.java:52)
	at java.base/java.util.ArrayList.forEach(ArrayList.java:1511)
	at java.base/java.util.concurrent.FutureTask.run(FutureTask.java:264)
	at java.base/java.util.concurrent.ThreadPoolExecutor.runWorker(ThreadPoolExecutor.java:1130)
	at java.base/java.util.concurrent.ThreadPoolExecutor$Worker.run(ThreadPoolExecutor.java:630)
	at java.base/java.lang.Thread.run(Thread.java:832)
... Removed 24 stack frames</div></td></tr></table><p class="totop"><a href="#summary">back to summary</a></p>
<h3 id="m1">tests.CalculatorFunctionalityTest#changeActionTest</h3><table class="result"><tr><th>Exception</th></tr><tr><td><div class="stacktrace">java.lang.AssertionError: expected [1.01] but found [1]
	at tests.CalculatorFunctionalityTest.changeActionTest(CalculatorFunctionalityTest.java:118)
	at java.base/java.util.ArrayList.forEach(ArrayList.java:1511)
	at java.base/java.util.concurrent.FutureTask.run(FutureTask.java:264)
	at java.base/java.util.concurrent.ThreadPoolExecutor.runWorker(ThreadPoolExecutor.java:1130)
	at java.base/java.util.concurrent.ThreadPoolExecutor$Worker.run(ThreadPoolExecutor.java:630)
	at java.base/java.lang.Thread.run(Thread.java:832)
... Removed 24 stack frames</div></td></tr></table><p class="totop"><a href="#summary">back to summary</a></p>
<h3 id="m2">tests.CalculatorFunctionalityTest#clearButtonTest</h3><table class="result"><tr><th>Exception</th></tr><tr><td><div class="stacktrace">java.lang.AssertionError: The following asserts failed:
	expected [123456789] but found [123466789]
	at tests.CalculatorFunctionalityTest.clearButtonTest(CalculatorFunctionalityTest.java:130)
	at java.base/java.util.ArrayList.forEach(ArrayList.java:1511)
	at java.base/java.util.concurrent.FutureTask.run(FutureTask.java:264)
	at java.base/java.util.concurrent.ThreadPoolExecutor.runWorker(ThreadPoolExecutor.java:1130)
	at java.base/java.util.concurrent.ThreadPoolExecutor$Worker.run(ThreadPoolExecutor.java:630)
	at java.base/java.lang.Thread.run(Thread.java:832)
... Removed 20 stack frames</div></td></tr></table><p class="totop"><a href="#summary">back to summary</a></p>
<h3 id="m3">tests.CalculatorFunctionalityTest#divideTest</h3><table class="result"><tr class="param"><th>Parameter #1</th><th>Parameter #2</th><th>Parameter #3</th><th>Parameter #4</th><th>Parameter #5</th><th>Parameter #6</th></tr><tr class="param stripe"><td>1</td><td>5</td><td>6</td><td>-4</td><td>5</td><td>0.2</td></tr><tr><th colspan="6">Exception</th></tr><tr><td colspan="6"><div class="stacktrace">java.lang.AssertionError: expected [0.2] but found [0]
	at tests.CalculatorFunctionalityTest.divideTest(CalculatorFunctionalityTest.java:83)
	at java.base/java.util.ArrayList.forEach(ArrayList.java:1511)
	at java.base/java.util.concurrent.FutureTask.run(FutureTask.java:264)
	at java.base/java.util.concurrent.ThreadPoolExecutor.runWorker(ThreadPoolExecutor.java:1130)
	at java.base/java.util.concurrent.ThreadPoolExecutor$Worker.run(ThreadPoolExecutor.java:630)
	at java.base/java.lang.Thread.run(Thread.java:832)
... Removed 24 stack frames</div></td></tr></table><p class="totop"><a href="#summary">back to summary</a></p>
<h3 id="m4">tests.CalculatorFunctionalityTest#divideTest</h3><table class="result"><tr class="param"><th>Parameter #1</th><th>Parameter #2</th><th>Parameter #3</th><th>Parameter #4</th><th>Parameter #5</th><th>Parameter #6</th></tr><tr class="param stripe"><td>2</td><td>4</td><td>6</td><td>-2</td><td>8</td><td>0.5</td></tr><tr><th colspan="6">Exception</th></tr><tr><td colspan="6"><div class="stacktrace">java.lang.AssertionError: expected [0.5] but found [1]
	at tests.CalculatorFunctionalityTest.divideTest(CalculatorFunctionalityTest.java:83)
	at java.base/java.util.ArrayList.forEach(ArrayList.java:1511)
	at java.base/java.util.concurrent.FutureTask.run(FutureTask.java:264)
	at java.base/java.util.concurrent.ThreadPoolExecutor.runWorker(ThreadPoolExecutor.java:1130)
	at java.base/java.util.concurrent.ThreadPoolExecutor$Worker.run(ThreadPoolExecutor.java:630)
	at java.base/java.lang.Thread.run(Thread.java:832)
... Removed 24 stack frames</div></td></tr></table><p class="totop"><a href="#summary">back to summary</a></p>
<h3 id="m5">tests.CalculatorFunctionalityTest#divideTest</h3><table class="result"><tr class="param"><th>Parameter #1</th><th>Parameter #2</th><th>Parameter #3</th><th>Parameter #4</th><th>Parameter #5</th><th>Parameter #6</th></tr><tr class="param stripe"><td>7</td><td>8</td><td>15</td><td>-1</td><td>56</td><td>0.875</td></tr><tr><th colspan="6">Exception</th></tr><tr><td colspan="6"><div class="stacktrace">java.lang.AssertionError: expected [0.875] but found [1]
	at tests.CalculatorFunctionalityTest.divideTest(CalculatorFunctionalityTest.java:83)
	at java.base/java.util.ArrayList.forEach(ArrayList.java:1511)
	at java.base/java.util.concurrent.FutureTask.run(FutureTask.java:264)
	at java.base/java.util.concurrent.ThreadPoolExecutor.runWorker(ThreadPoolExecutor.java:1130)
	at java.base/java.util.concurrent.ThreadPoolExecutor$Worker.run(ThreadPoolExecutor.java:630)
	at java.base/java.lang.Thread.run(Thread.java:832)
... Removed 24 stack frames</div></td></tr></table><p class="totop"><a href="#summary">back to summary</a></p>
<h3 id="m6">tests.CalculatorFunctionalityTest#multiplyTest</h3><table class="result"><tr class="param"><th>Parameter #1</th><th>Parameter #2</th><th>Parameter #3</th><th>Parameter #4</th><th>Parameter #5</th><th>Parameter #6</th></tr><tr class="param stripe"><td>1</td><td>5</td><td>6</td><td>-4</td><td>5</td><td>0.2</td></tr><tr><th colspan="6">Exception</th></tr><tr><td colspan="6"><div class="stacktrace">java.lang.AssertionError: expected [5] but found [8]
	at tests.CalculatorFunctionalityTest.multiplyTest(CalculatorFunctionalityTest.java:73)
	at java.base/java.util.ArrayList.forEach(ArrayList.java:1511)
	at java.base/java.util.concurrent.FutureTask.run(FutureTask.java:264)
	at java.base/java.util.concurrent.ThreadPoolExecutor.runWorker(ThreadPoolExecutor.java:1130)
	at java.base/java.util.concurrent.ThreadPoolExecutor$Worker.run(ThreadPoolExecutor.java:630)
	at java.base/java.lang.Thread.run(Thread.java:832)
... Removed 24 stack frames</div></td></tr></table><p class="totop"><a href="#summary">back to summary</a></p>
<h3 id="m7">tests.CalculatorFunctionalityTest#multiplyTest</h3><table class="result"><tr class="param"><th>Parameter #1</th><th>Parameter #2</th><th>Parameter #3</th><th>Parameter #4</th><th>Parameter #5</th><th>Parameter #6</th></tr><tr class="param stripe"><td>6</td><td>0</td><td>6</td><td>6</td><td>0</td><td>Error</td></tr><tr><th colspan="6">Exception</th></tr><tr><td colspan="6"><div class="stacktrace">java.lang.AssertionError: expected [0] but found [2]
	at tests.CalculatorFunctionalityTest.multiplyTest(CalculatorFunctionalityTest.java:73)
	at java.base/java.util.ArrayList.forEach(ArrayList.java:1511)
	at java.base/java.util.concurrent.FutureTask.run(FutureTask.java:264)
	at java.base/java.util.concurrent.ThreadPoolExecutor.runWorker(ThreadPoolExecutor.java:1130)
	at java.base/java.util.concurrent.ThreadPoolExecutor$Worker.run(ThreadPoolExecutor.java:630)
	at java.base/java.lang.Thread.run(Thread.java:832)
... Removed 24 stack frames</div></td></tr></table><p class="totop"><a href="#summary">back to summary</a></p>
<h3 id="m8">tests.CalculatorFunctionalityTest#multiplyTest</h3><table class="result"><tr class="param"><th>Parameter #1</th><th>Parameter #2</th><th>Parameter #3</th><th>Parameter #4</th><th>Parameter #5</th><th>Parameter #6</th></tr><tr class="param stripe"><td>2</td><td>4</td><td>6</td><td>-2</td><td>8</td><td>0.5</td></tr><tr><th colspan="6">Exception</th></tr><tr><td colspan="6"><div class="stacktrace">java.lang.AssertionError: expected [8] but found [10]
	at tests.CalculatorFunctionalityTest.multiplyTest(CalculatorFunctionalityTest.java:73)
	at java.base/java.util.ArrayList.forEach(ArrayList.java:1511)
	at java.base/java.util.concurrent.FutureTask.run(FutureTask.java:264)
	at java.base/java.util.concurrent.ThreadPoolExecutor.runWorker(ThreadPoolExecutor.java:1130)
	at java.base/java.util.concurrent.ThreadPoolExecutor$Worker.run(ThreadPoolExecutor.java:630)
	at java.base/java.lang.Thread.run(Thread.java:832)
... Removed 24 stack frames</div></td></tr></table><p class="totop"><a href="#summary">back to summary</a></p>
<h3 id="m9">tests.CalculatorFunctionalityTest#multiplyTest</h3><table class="result"><tr class="param"><th>Parameter #1</th><th>Parameter #2</th><th>Parameter #3</th><th>Parameter #4</th><th>Parameter #5</th><th>Parameter #6</th></tr><tr class="param stripe"><td>9</td><td>3</td><td>12</td><td>6</td><td>27</td><td>3</td></tr><tr><th colspan="6">Exception</th></tr><tr><td colspan="6"><div class="stacktrace">java.lang.AssertionError: expected [27] but found [29]
	at tests.CalculatorFunctionalityTest.multiplyTest(CalculatorFunctionalityTest.java:73)
	at java.base/java.util.ArrayList.forEach(ArrayList.java:1511)
	at java.base/java.util.concurrent.FutureTask.run(FutureTask.java:264)
	at java.base/java.util.concurrent.ThreadPoolExecutor.runWorker(ThreadPoolExecutor.java:1130)
	at java.base/java.util.concurrent.ThreadPoolExecutor$Worker.run(ThreadPoolExecutor.java:630)
	at java.base/java.lang.Thread.run(Thread.java:832)
... Removed 24 stack frames</div></td></tr></table><p class="totop"><a href="#summary">back to summary</a></p>
<h3 id="m10">tests.CalculatorFunctionalityTest#multiplyTest</h3><table class="result"><tr class="param"><th>Parameter #1</th><th>Parameter #2</th><th>Parameter #3</th><th>Parameter #4</th><th>Parameter #5</th><th>Parameter #6</th></tr><tr class="param stripe"><td>7</td><td>8</td><td>15</td><td>-1</td><td>56</td><td>0.875</td></tr><tr><th colspan="6">Exception</th></tr><tr><td colspan="6"><div class="stacktrace">java.lang.AssertionError: expected [56] but found [58]
	at tests.CalculatorFunctionalityTest.multiplyTest(CalculatorFunctionalityTest.java:73)
	at java.base/java.util.ArrayList.forEach(ArrayList.java:1511)
	at java.base/java.util.concurrent.FutureTask.run(FutureTask.java:264)
	at java.base/java.util.concurrent.ThreadPoolExecutor.runWorker(ThreadPoolExecutor.java:1130)
	at java.base/java.util.concurrent.ThreadPoolExecutor$Worker.run(ThreadPoolExecutor.java:630)
	at java.base/java.lang.Thread.run(Thread.java:832)
... Removed 24 stack frames</div></td></tr></table><p class="totop"><a href="#summary">back to summary</a></p>
<h3 id="m11">tests.CalculatorFunctionalityTest#subtractTest</h3><table class="result"><tr class="param"><th>Parameter #1</th><th>Parameter #2</th><th>Parameter #3</th><th>Parameter #4</th><th>Parameter #5</th><th>Parameter #6</th></tr><tr class="param stripe"><td>1</td><td>5</td><td>6</td><td>-4</td><td>5</td><td>0.2</td></tr><tr><th colspan="6">Exception</th></tr><tr><td colspan="6"><div class="stacktrace">java.lang.AssertionError: expected [-4] but found [-5]
	at tests.CalculatorFunctionalityTest.subtractTest(CalculatorFunctionalityTest.java:63)
	at java.base/java.util.ArrayList.forEach(ArrayList.java:1511)
	at java.base/java.util.concurrent.FutureTask.run(FutureTask.java:264)
	at java.base/java.util.concurrent.ThreadPoolExecutor.runWorker(ThreadPoolExecutor.java:1130)
	at java.base/java.util.concurrent.ThreadPoolExecutor$Worker.run(ThreadPoolExecutor.java:630)
	at java.base/java.lang.Thread.run(Thread.java:832)
... Removed 24 stack frames</div></td></tr></table><p class="totop"><a href="#summary">back to summary</a></p>
<h3 id="m12">tests.CalculatorFunctionalityTest#addTest</h3><table class="result"><tr class="param"><th>Parameter #1</th><th>Parameter #2</th><th>Parameter #3</th><th>Parameter #4</th><th>Parameter #5</th><th>Parameter #6</th></tr><tr class="param stripe"><td>2</td><td>4</td><td>6</td><td>-2</td><td>8</td><td>0.5</td></tr></table><p class="totop"><a href="#summary">back to summary</a></p>
<h3 id="m13">tests.CalculatorFunctionalityTest#addTest</h3><table class="result"><tr class="param"><th>Parameter #1</th><th>Parameter #2</th><th>Parameter #3</th><th>Parameter #4</th><th>Parameter #5</th><th>Parameter #6</th></tr><tr class="param stripe"><td>7</td><td>8</td><td>15</td><td>-1</td><td>56</td><td>0.875</td></tr></table><p class="totop"><a href="#summary">back to summary</a></p>
<h3 id="m14">tests.CalculatorFunctionalityTest#addTest</h3><table class="result"><tr class="param"><th>Parameter #1</th><th>Parameter #2</th><th>Parameter #3</th><th>Parameter #4</th><th>Parameter #5</th><th>Parameter #6</th></tr><tr class="param stripe"><td>6</td><td>0</td><td>6</td><td>6</td><td>0</td><td>Error</td></tr></table><p class="totop"><a href="#summary">back to summary</a></p>
<h3 id="m15">tests.CalculatorFunctionalityTest#addTest</h3><table class="result"><tr class="param"><th>Parameter #1</th><th>Parameter #2</th><th>Parameter #3</th><th>Parameter #4</th><th>Parameter #5</th><th>Parameter #6</th></tr><tr class="param stripe"><td>9</td><td>3</td><td>12</td><td>6</td><td>27</td><td>3</td></tr></table><p class="totop"><a href="#summary">back to summary</a></p>
<h3 id="m16">tests.CalculatorFunctionalityTest#divideTest</h3><table class="result"><tr class="param"><th>Parameter #1</th><th>Parameter #2</th><th>Parameter #3</th><th>Parameter #4</th><th>Parameter #5</th><th>Parameter #6</th></tr><tr class="param stripe"><td>9</td><td>3</td><td>12</td><td>6</td><td>27</td><td>3</td></tr></table><p class="totop"><a href="#summary">back to summary</a></p>
<h3 id="m17">tests.CalculatorFunctionalityTest#divideTest</h3><table class="result"><tr class="param"><th>Parameter #1</th><th>Parameter #2</th><th>Parameter #3</th><th>Parameter #4</th><th>Parameter #5</th><th>Parameter #6</th></tr><tr class="param stripe"><td>6</td><td>0</td><td>6</td><td>6</td><td>0</td><td>Error</td></tr></table><p class="totop"><a href="#summary">back to summary</a></p>
<h3 id="m18">tests.CalculatorFunctionalityTest#floatingPointTest</h3><table class="result"><tr><th class="invisible"/></tr></table><p class="totop"><a href="#summary">back to summary</a></p>
<h3 id="m19">tests.CalculatorFunctionalityTest#subtractTest</h3><table class="result"><tr class="param"><th>Parameter #1</th><th>Parameter #2</th><th>Parameter #3</th><th>Parameter #4</th><th>Parameter #5</th><th>Parameter #6</th></tr><tr class="param stripe"><td>7</td><td>8</td><td>15</td><td>-1</td><td>56</td><td>0.875</td></tr></table><p class="totop"><a href="#summary">back to summary</a></p>
<h3 id="m20">tests.CalculatorFunctionalityTest#subtractTest</h3><table class="result"><tr class="param"><th>Parameter #1</th><th>Parameter #2</th><th>Parameter #3</th><th>Parameter #4</th><th>Parameter #5</th><th>Parameter #6</th></tr><tr class="param stripe"><td>2</td><td>4</td><td>6</td><td>-2</td><td>8</td><td>0.5</td></tr></table><p class="totop"><a href="#summary">back to summary</a></p>
<h3 id="m21">tests.CalculatorFunctionalityTest#subtractTest</h3><table class="result"><tr class="param"><th>Parameter #1</th><th>Parameter #2</th><th>Parameter #3</th><th>Parameter #4</th><th>Parameter #5</th><th>Parameter #6</th></tr><tr class="param stripe"><td>9</td><td>3</td><td>12</td><td>6</td><td>27</td><td>3</td></tr></table><p class="totop"><a href="#summary">back to summary</a></p>
<h3 id="m22">tests.CalculatorFunctionalityTest#subtractTest</h3><table class="result"><tr class="param"><th>Parameter #1</th><th>Parameter #2</th><th>Parameter #3</th><th>Parameter #4</th><th>Parameter #5</th><th>Parameter #6</th></tr><tr class="param stripe"><td>6</td><td>0</td><td>6</td><td>6</td><td>0</td><td>Error</td></tr></table><p class="totop"><a href="#summary">back to summary</a></p>
</body>
</html>
