<?xml version="1.0" encoding="UTF-8"?>
<testsuite xmlns:xsi="http://www.w3.org/2001/XMLSchema-instance" xsi:noNamespaceSchemaLocation="https://maven.apache.org/surefire/maven-surefire-plugin/xsd/surefire-test-report.xsd" name="TestSuite" time="28.779" tests="23" errors="0" skipped="0" failures="12">
  <properties>
    <property name="java.specification.version" value="15"/>
    <property name="sun.jnu.encoding" value="UTF-8"/>
    <property name="java.class.path" value="/Users/dimasik/IdeaProjects/com.nuix.calculator/target/test-classes:/Users/dimasik/IdeaProjects/com.nuix.calculator/target/classes:/Users/dimasik/.m2/repository/org/seleniumhq/selenium/selenium-java/3.141.59/selenium-java-3.141.59.jar:/Users/dimasik/.m2/repository/org/seleniumhq/selenium/selenium-api/3.141.59/selenium-api-3.141.59.jar:/Users/dimasik/.m2/repository/org/seleniumhq/selenium/selenium-chrome-driver/3.141.59/selenium-chrome-driver-3.141.59.jar:/Users/dimasik/.m2/repository/org/seleniumhq/selenium/selenium-edge-driver/3.141.59/selenium-edge-driver-3.141.59.jar:/Users/dimasik/.m2/repository/org/seleniumhq/selenium/selenium-firefox-driver/3.141.59/selenium-firefox-driver-3.141.59.jar:/Users/dimasik/.m2/repository/org/seleniumhq/selenium/selenium-ie-driver/3.141.59/selenium-ie-driver-3.141.59.jar:/Users/dimasik/.m2/repository/org/seleniumhq/selenium/selenium-opera-driver/3.141.59/selenium-opera-driver-3.141.59.jar:/Users/dimasik/.m2/repository/org/seleniumhq/selenium/selenium-remote-driver/3.141.59/selenium-remote-driver-3.141.59.jar:/Users/dimasik/.m2/repository/org/seleniumhq/selenium/selenium-safari-driver/3.141.59/selenium-safari-driver-3.141.59.jar:/Users/dimasik/.m2/repository/org/seleniumhq/selenium/selenium-support/3.141.59/selenium-support-3.141.59.jar:/Users/dimasik/.m2/repository/net/bytebuddy/byte-buddy/1.8.15/byte-buddy-1.8.15.jar:/Users/dimasik/.m2/repository/org/apache/commons/commons-exec/1.3/commons-exec-1.3.jar:/Users/dimasik/.m2/repository/com/google/guava/guava/25.0-jre/guava-25.0-jre.jar:/Users/dimasik/.m2/repository/com/google/code/findbugs/jsr305/1.3.9/jsr305-1.3.9.jar:/Users/dimasik/.m2/repository/org/checkerframework/checker-compat-qual/2.0.0/checker-compat-qual-2.0.0.jar:/Users/dimasik/.m2/repository/com/google/errorprone/error_prone_annotations/2.1.3/error_prone_annotations-2.1.3.jar:/Users/dimasik/.m2/repository/com/google/j2objc/j2objc-annotations/1.1/j2objc-annotations-1.1.jar:/Users/dimasik/.m2/repository/org/codehaus/mojo/animal-sniffer-annotations/1.14/animal-sniffer-annotations-1.14.jar:/Users/dimasik/.m2/repository/com/squareup/okhttp3/okhttp/3.11.0/okhttp-3.11.0.jar:/Users/dimasik/.m2/repository/com/squareup/okio/okio/1.14.0/okio-1.14.0.jar:/Users/dimasik/.m2/repository/org/testng/testng/7.4.0/testng-7.4.0.jar:/Users/dimasik/.m2/repository/com/beust/jcommander/1.78/jcommander-1.78.jar:/Users/dimasik/.m2/repository/org/webjars/jquery/3.5.1/jquery-3.5.1.jar:/Users/dimasik/.m2/repository/io/github/bonigarcia/webdrivermanager/4.4.3/webdrivermanager-4.4.3.jar:/Users/dimasik/.m2/repository/org/slf4j/slf4j-api/1.7.30/slf4j-api-1.7.30.jar:/Users/dimasik/.m2/repository/commons-io/commons-io/2.8.0/commons-io-2.8.0.jar:/Users/dimasik/.m2/repository/com/google/code/gson/gson/2.8.6/gson-2.8.6.jar:/Users/dimasik/.m2/repository/org/apache/commons/commons-lang3/3.12.0/commons-lang3-3.12.0.jar:/Users/dimasik/.m2/repository/org/apache/httpcomponents/client5/httpclient5/5.0.3/httpclient5-5.0.3.jar:/Users/dimasik/.m2/repository/org/apache/httpcomponents/core5/httpcore5/5.0.2/httpcore5-5.0.2.jar:/Users/dimasik/.m2/repository/org/apache/httpcomponents/core5/httpcore5-h2/5.0.2/httpcore5-h2-5.0.2.jar:/Users/dimasik/.m2/repository/commons-codec/commons-codec/1.13/commons-codec-1.13.jar:/Users/dimasik/.m2/repository/org/rauschig/jarchivelib/1.1.0/jarchivelib-1.1.0.jar:/Users/dimasik/.m2/repository/org/apache/commons/commons-compress/1.20/commons-compress-1.20.jar:/Users/dimasik/.m2/repository/org/jsoup/jsoup/1.13.1/jsoup-1.13.1.jar:"/>
    <property name="java.vm.vendor" value="Oracle Corporation"/>
    <property name="sun.arch.data.model" value="64"/>
    <property name="java.vendor.url" value="https://openjdk.java.net/"/>
    <property name="os.name" value="Mac OS X"/>
    <property name="java.vm.specification.version" value="15"/>
    <property name="sun.java.launcher" value="SUN_STANDARD"/>
    <property name="user.country" value="US"/>
    <property name="sun.boot.library.path" value="/usr/local/Cellar/openjdk/15.0.2/libexec/openjdk.jdk/Contents/Home/lib"/>
    <property name="sun.java.command" value="/Users/dimasik/IdeaProjects/com.nuix.calculator/target/surefire/surefirebooter8925881603987719499.jar /Users/dimasik/IdeaProjects/com.nuix.calculator/target/surefire 2021-08-11T23-30-46_384-jvmRun1 surefire18299305315846153058tmp surefire_017955679709793961789tmp"/>
    <property name="http.nonProxyHosts" value="local|*.local|169.254/16|*.169.254/16"/>
    <property name="jdk.debug" value="release"/>
    <property name="surefire.test.class.path" value="/Users/dimasik/IdeaProjects/com.nuix.calculator/target/test-classes:/Users/dimasik/IdeaProjects/com.nuix.calculator/target/classes:/Users/dimasik/.m2/repository/org/seleniumhq/selenium/selenium-java/3.141.59/selenium-java-3.141.59.jar:/Users/dimasik/.m2/repository/org/seleniumhq/selenium/selenium-api/3.141.59/selenium-api-3.141.59.jar:/Users/dimasik/.m2/repository/org/seleniumhq/selenium/selenium-chrome-driver/3.141.59/selenium-chrome-driver-3.141.59.jar:/Users/dimasik/.m2/repository/org/seleniumhq/selenium/selenium-edge-driver/3.141.59/selenium-edge-driver-3.141.59.jar:/Users/dimasik/.m2/repository/org/seleniumhq/selenium/selenium-firefox-driver/3.141.59/selenium-firefox-driver-3.141.59.jar:/Users/dimasik/.m2/repository/org/seleniumhq/selenium/selenium-ie-driver/3.141.59/selenium-ie-driver-3.141.59.jar:/Users/dimasik/.m2/repository/org/seleniumhq/selenium/selenium-opera-driver/3.141.59/selenium-opera-driver-3.141.59.jar:/Users/dimasik/.m2/repository/org/seleniumhq/selenium/selenium-remote-driver/3.141.59/selenium-remote-driver-3.141.59.jar:/Users/dimasik/.m2/repository/org/seleniumhq/selenium/selenium-safari-driver/3.141.59/selenium-safari-driver-3.141.59.jar:/Users/dimasik/.m2/repository/org/seleniumhq/selenium/selenium-support/3.141.59/selenium-support-3.141.59.jar:/Users/dimasik/.m2/repository/net/bytebuddy/byte-buddy/1.8.15/byte-buddy-1.8.15.jar:/Users/dimasik/.m2/repository/org/apache/commons/commons-exec/1.3/commons-exec-1.3.jar:/Users/dimasik/.m2/repository/com/google/guava/guava/25.0-jre/guava-25.0-jre.jar:/Users/dimasik/.m2/repository/com/google/code/findbugs/jsr305/1.3.9/jsr305-1.3.9.jar:/Users/dimasik/.m2/repository/org/checkerframework/checker-compat-qual/2.0.0/checker-compat-qual-2.0.0.jar:/Users/dimasik/.m2/repository/com/google/errorprone/error_prone_annotations/2.1.3/error_prone_annotations-2.1.3.jar:/Users/dimasik/.m2/repository/com/google/j2objc/j2objc-annotations/1.1/j2objc-annotations-1.1.jar:/Users/dimasik/.m2/repository/org/codehaus/mojo/animal-sniffer-annotations/1.14/animal-sniffer-annotations-1.14.jar:/Users/dimasik/.m2/repository/com/squareup/okhttp3/okhttp/3.11.0/okhttp-3.11.0.jar:/Users/dimasik/.m2/repository/com/squareup/okio/okio/1.14.0/okio-1.14.0.jar:/Users/dimasik/.m2/repository/org/testng/testng/7.4.0/testng-7.4.0.jar:/Users/dimasik/.m2/repository/com/beust/jcommander/1.78/jcommander-1.78.jar:/Users/dimasik/.m2/repository/org/webjars/jquery/3.5.1/jquery-3.5.1.jar:/Users/dimasik/.m2/repository/io/github/bonigarcia/webdrivermanager/4.4.3/webdrivermanager-4.4.3.jar:/Users/dimasik/.m2/repository/org/slf4j/slf4j-api/1.7.30/slf4j-api-1.7.30.jar:/Users/dimasik/.m2/repository/commons-io/commons-io/2.8.0/commons-io-2.8.0.jar:/Users/dimasik/.m2/repository/com/google/code/gson/gson/2.8.6/gson-2.8.6.jar:/Users/dimasik/.m2/repository/org/apache/commons/commons-lang3/3.12.0/commons-lang3-3.12.0.jar:/Users/dimasik/.m2/repository/org/apache/httpcomponents/client5/httpclient5/5.0.3/httpclient5-5.0.3.jar:/Users/dimasik/.m2/repository/org/apache/httpcomponents/core5/httpcore5/5.0.2/httpcore5-5.0.2.jar:/Users/dimasik/.m2/repository/org/apache/httpcomponents/core5/httpcore5-h2/5.0.2/httpcore5-h2-5.0.2.jar:/Users/dimasik/.m2/repository/commons-codec/commons-codec/1.13/commons-codec-1.13.jar:/Users/dimasik/.m2/repository/org/rauschig/jarchivelib/1.1.0/jarchivelib-1.1.0.jar:/Users/dimasik/.m2/repository/org/apache/commons/commons-compress/1.20/commons-compress-1.20.jar:/Users/dimasik/.m2/repository/org/jsoup/jsoup/1.13.1/jsoup-1.13.1.jar:"/>
    <property name="sun.cpu.endian" value="little"/>
    <property name="user.home" value="/Users/dimasik"/>
    <property name="user.language" value="en"/>
    <property name="java.specification.vendor" value="Oracle Corporation"/>
    <property name="java.version.date" value="2021-01-19"/>
    <property name="java.home" value="/usr/local/Cellar/openjdk/15.0.2/libexec/openjdk.jdk/Contents/Home"/>
    <property name="file.separator" value="/"/>
    <property name="basedir" value="/Users/dimasik/IdeaProjects/com.nuix.calculator"/>
    <property name="java.vm.compressedOopsMode" value="Zero based"/>
    <property name="line.separator" value="&#10;"/>
    <property name="java.specification.name" value="Java Platform API Specification"/>
    <property name="java.vm.specification.vendor" value="Oracle Corporation"/>
    <property name="surefire.real.class.path" value="/Users/dimasik/IdeaProjects/com.nuix.calculator/target/surefire/surefirebooter8925881603987719499.jar"/>
    <property name="sun.management.compiler" value="HotSpot 64-Bit Tiered Compilers"/>
    <property name="ftp.nonProxyHosts" value="local|*.local|169.254/16|*.169.254/16"/>
    <property name="java.runtime.version" value="15.0.2+7"/>
    <property name="user.name" value="dimasik"/>
    <property name="path.separator" value=":"/>
    <property name="os.version" value="11.4"/>
    <property name="java.runtime.name" value="OpenJDK Runtime Environment"/>
    <property name="file.encoding" value="UTF-8"/>
    <property name="java.vm.name" value="OpenJDK 64-Bit Server VM"/>
    <property name="localRepository" value="/Users/dimasik/.m2/repository"/>
    <property name="java.vendor.url.bug" value="https://bugreport.java.com/bugreport/"/>
    <property name="java.io.tmpdir" value="/var/folders/dk/skqpsqhn05q9604jn4sf64nh0000gn/T/"/>
    <property name="java.version" value="15.0.2"/>
    <property name="user.dir" value="/Users/dimasik/IdeaProjects/com.nuix.calculator"/>
    <property name="os.arch" value="x86_64"/>
    <property name="java.vm.specification.name" value="Java Virtual Machine Specification"/>
    <property name="java.library.path" value="/Users/dimasik/Library/Java/Extensions:/Library/Java/Extensions:/Network/Library/Java/Extensions:/System/Library/Java/Extensions:/usr/lib/java:."/>
    <property name="java.vm.info" value="mixed mode, sharing"/>
    <property name="java.vendor" value="N/A"/>
    <property name="java.vm.version" value="15.0.2+7"/>
    <property name="sun.io.unicode.encoding" value="UnicodeBig"/>
    <property name="socksNonProxyHosts" value="local|*.local|169.254/16|*.169.254/16"/>
    <property name="java.class.version" value="59.0"/>
  </properties>
  <testcase name="addTest" classname="tests.CalculatorFunctionalityTest" time="0.255">
    <failure message="expected [6] but found [7]" type="java.lang.AssertionError">java.lang.AssertionError: expected [6] but found [7]
	at tests.CalculatorFunctionalityTest.addTest(CalculatorFunctionalityTest.java:52)
</failure>
    <system-err><![CDATA[SLF4J: Failed to load class "org.slf4j.impl.StaticLoggerBinder".
SLF4J: Defaulting to no-operation (NOP) logger implementation
SLF4J: See http://www.slf4j.org/codes.html#StaticLoggerBinder for further details.
Starting ChromeDriver 92.0.4515.107 (87a818b10553a07434ea9e2b6dccf3cbe7895134-refs/branch-heads/4515@{#1634}) on port 7330
Only local connections are allowed.
Please see https://chromedriver.chromium.org/security-considerations for suggestions on keeping ChromeDriver safe.
ChromeDriver was started successfully.
Aug 11, 2021 11:30:48 PM org.openqa.selenium.remote.ProtocolHandshake createSession
INFO: Detected dialect: W3C
]]></system-err>
  </testcase>
  <testcase name="addTest" classname="tests.CalculatorFunctionalityTest" time="0.208"/>
  <testcase name="addTest" classname="tests.CalculatorFunctionalityTest" time="0.213"/>
  <testcase name="addTest" classname="tests.CalculatorFunctionalityTest" time="0.205"/>
  <testcase name="addTest" classname="tests.CalculatorFunctionalityTest" time="0.197"/>
  <testcase name="subtractTest" classname="tests.CalculatorFunctionalityTest" time="0.189">
    <failure message="expected [-4] but found [-5]" type="java.lang.AssertionError">java.lang.AssertionError: expected [-4] but found [-5]
	at tests.CalculatorFunctionalityTest.subtractTest(CalculatorFunctionalityTest.java:63)
</failure>
    <system-err><![CDATA[Starting ChromeDriver 92.0.4515.107 (87a818b10553a07434ea9e2b6dccf3cbe7895134-refs/branch-heads/4515@{#1634}) on port 17307
Only local connections are allowed.
Please see https://chromedriver.chromium.org/security-considerations for suggestions on keeping ChromeDriver safe.
ChromeDriver was started successfully.
Aug 11, 2021 11:30:53 PM org.openqa.selenium.remote.ProtocolHandshake createSession
INFO: Detected dialect: W3C
]]></system-err>
  </testcase>
  <testcase name="subtractTest" classname="tests.CalculatorFunctionalityTest" time="0.209"/>
  <testcase name="subtractTest" classname="tests.CalculatorFunctionalityTest" time="0.193"/>
  <testcase name="subtractTest" classname="tests.CalculatorFunctionalityTest" time="0.206"/>
  <testcase name="subtractTest" classname="tests.CalculatorFunctionalityTest" time="0.184"/>
  <testcase name="multiplyTest" classname="tests.CalculatorFunctionalityTest" time="0.227">
    <failure message="expected [5] but found [8]" type="java.lang.AssertionError">java.lang.AssertionError: expected [5] but found [8]
	at tests.CalculatorFunctionalityTest.multiplyTest(CalculatorFunctionalityTest.java:73)
</failure>
    <system-err><![CDATA[Starting ChromeDriver 92.0.4515.107 (87a818b10553a07434ea9e2b6dccf3cbe7895134-refs/branch-heads/4515@{#1634}) on port 6465
Only local connections are allowed.
Please see https://chromedriver.chromium.org/security-considerations for suggestions on keeping ChromeDriver safe.
ChromeDriver was started successfully.
Aug 11, 2021 11:30:58 PM org.openqa.selenium.remote.ProtocolHandshake createSession
INFO: Detected dialect: W3C
]]></system-err>
  </testcase>
  <testcase name="multiplyTest" classname="tests.CalculatorFunctionalityTest" time="0.205">
    <failure message="expected [8] but found [10]" type="java.lang.AssertionError">java.lang.AssertionError: expected [8] but found [10]
	at tests.CalculatorFunctionalityTest.multiplyTest(CalculatorFunctionalityTest.java:73)
</failure>
    <system-err><![CDATA[Starting ChromeDriver 92.0.4515.107 (87a818b10553a07434ea9e2b6dccf3cbe7895134-refs/branch-heads/4515@{#1634}) on port 5416
Only local connections are allowed.
Please see https://chromedriver.chromium.org/security-considerations for suggestions on keeping ChromeDriver safe.
ChromeDriver was started successfully.
Aug 11, 2021 11:30:59 PM org.openqa.selenium.remote.ProtocolHandshake createSession
INFO: Detected dialect: W3C
]]></system-err>
  </testcase>
  <testcase name="multiplyTest" classname="tests.CalculatorFunctionalityTest" time="0.192">
    <failure message="expected [27] but found [29]" type="java.lang.AssertionError">java.lang.AssertionError: expected [27] but found [29]
	at tests.CalculatorFunctionalityTest.multiplyTest(CalculatorFunctionalityTest.java:73)
</failure>
    <system-err><![CDATA[Starting ChromeDriver 92.0.4515.107 (87a818b10553a07434ea9e2b6dccf3cbe7895134-refs/branch-heads/4515@{#1634}) on port 11908
Only local connections are allowed.
Please see https://chromedriver.chromium.org/security-considerations for suggestions on keeping ChromeDriver safe.
ChromeDriver was started successfully.
Aug 11, 2021 11:31:00 PM org.openqa.selenium.remote.ProtocolHandshake createSession
INFO: Detected dialect: W3C
]]></system-err>
  </testcase>
  <testcase name="multiplyTest" classname="tests.CalculatorFunctionalityTest" time="0.192">
    <failure message="expected [56] but found [58]" type="java.lang.AssertionError">java.lang.AssertionError: expected [56] but found [58]
	at tests.CalculatorFunctionalityTest.multiplyTest(CalculatorFunctionalityTest.java:73)
</failure>
    <system-err><![CDATA[Starting ChromeDriver 92.0.4515.107 (87a818b10553a07434ea9e2b6dccf3cbe7895134-refs/branch-heads/4515@{#1634}) on port 36911
Only local connections are allowed.
Please see https://chromedriver.chromium.org/security-considerations for suggestions on keeping ChromeDriver safe.
ChromeDriver was started successfully.
Aug 11, 2021 11:31:01 PM org.openqa.selenium.remote.ProtocolHandshake createSession
INFO: Detected dialect: W3C
]]></system-err>
  </testcase>
  <testcase name="multiplyTest" classname="tests.CalculatorFunctionalityTest" time="0.196">
    <failure message="expected [0] but found [2]" type="java.lang.AssertionError">java.lang.AssertionError: expected [0] but found [2]
	at tests.CalculatorFunctionalityTest.multiplyTest(CalculatorFunctionalityTest.java:73)
</failure>
    <system-err><![CDATA[Starting ChromeDriver 92.0.4515.107 (87a818b10553a07434ea9e2b6dccf3cbe7895134-refs/branch-heads/4515@{#1634}) on port 36414
Only local connections are allowed.
Please see https://chromedriver.chromium.org/security-considerations for suggestions on keeping ChromeDriver safe.
ChromeDriver was started successfully.
Aug 11, 2021 11:31:02 PM org.openqa.selenium.remote.ProtocolHandshake createSession
INFO: Detected dialect: W3C
]]></system-err>
  </testcase>
  <testcase name="divideTest" classname="tests.CalculatorFunctionalityTest" time="0.188">
    <failure message="expected [0.2] but found [0]" type="java.lang.AssertionError">java.lang.AssertionError: expected [0.2] but found [0]
	at tests.CalculatorFunctionalityTest.divideTest(CalculatorFunctionalityTest.java:83)
</failure>
    <system-err><![CDATA[Starting ChromeDriver 92.0.4515.107 (87a818b10553a07434ea9e2b6dccf3cbe7895134-refs/branch-heads/4515@{#1634}) on port 3431
Only local connections are allowed.
Please see https://chromedriver.chromium.org/security-considerations for suggestions on keeping ChromeDriver safe.
ChromeDriver was started successfully.
Aug 11, 2021 11:31:03 PM org.openqa.selenium.remote.ProtocolHandshake createSession
INFO: Detected dialect: W3C
]]></system-err>
  </testcase>
  <testcase name="divideTest" classname="tests.CalculatorFunctionalityTest" time="0.245">
    <failure message="expected [0.5] but found [1]" type="java.lang.AssertionError">java.lang.AssertionError: expected [0.5] but found [1]
	at tests.CalculatorFunctionalityTest.divideTest(CalculatorFunctionalityTest.java:83)
</failure>
    <system-err><![CDATA[Starting ChromeDriver 92.0.4515.107 (87a818b10553a07434ea9e2b6dccf3cbe7895134-refs/branch-heads/4515@{#1634}) on port 47951
Only local connections are allowed.
Please see https://chromedriver.chromium.org/security-considerations for suggestions on keeping ChromeDriver safe.
ChromeDriver was started successfully.
Aug 11, 2021 11:31:04 PM org.openqa.selenium.remote.ProtocolHandshake createSession
INFO: Detected dialect: W3C
]]></system-err>
  </testcase>
  <testcase name="divideTest" classname="tests.CalculatorFunctionalityTest" time="0.202"/>
  <testcase name="divideTest" classname="tests.CalculatorFunctionalityTest" time="0.188">
    <failure message="expected [0.875] but found [1]" type="java.lang.AssertionError">java.lang.AssertionError: expected [0.875] but found [1]
	at tests.CalculatorFunctionalityTest.divideTest(CalculatorFunctionalityTest.java:83)
</failure>
    <system-err><![CDATA[Starting ChromeDriver 92.0.4515.107 (87a818b10553a07434ea9e2b6dccf3cbe7895134-refs/branch-heads/4515@{#1634}) on port 31910
Only local connections are allowed.
Please see https://chromedriver.chromium.org/security-considerations for suggestions on keeping ChromeDriver safe.
ChromeDriver was started successfully.
Aug 11, 2021 11:31:06 PM org.openqa.selenium.remote.ProtocolHandshake createSession
INFO: Detected dialect: W3C
]]></system-err>
  </testcase>
  <testcase name="divideTest" classname="tests.CalculatorFunctionalityTest" time="0.196"/>
  <testcase name="changeActionTest" classname="tests.CalculatorFunctionalityTest" time="2.353">
    <failure message="expected [1.01] but found [1]" type="java.lang.AssertionError">java.lang.AssertionError: expected [1.01] but found [1]
	at tests.CalculatorFunctionalityTest.changeActionTest(CalculatorFunctionalityTest.java:118)
</failure>
    <system-err><![CDATA[Starting ChromeDriver 92.0.4515.107 (87a818b10553a07434ea9e2b6dccf3cbe7895134-refs/branch-heads/4515@{#1634}) on port 28172
Only local connections are allowed.
Please see https://chromedriver.chromium.org/security-considerations for suggestions on keeping ChromeDriver safe.
ChromeDriver was started successfully.
Aug 11, 2021 11:31:08 PM org.openqa.selenium.remote.ProtocolHandshake createSession
INFO: Detected dialect: W3C
]]></system-err>
  </testcase>
  <testcase name="floatingPointTest" classname="tests.CalculatorFunctionalityTest" time="2.3"/>
  <testcase name="clearButtonTest" classname="tests.CalculatorFunctionalityTest" time="0.406">
    <failure message="The following asserts failed:&#10;	expected [123456789] but found [123466789]" type="java.lang.AssertionError">java.lang.AssertionError: 
The following asserts failed:
	expected [123456789] but found [123466789]
	at tests.CalculatorFunctionalityTest.clearButtonTest(CalculatorFunctionalityTest.java:130)
</failure>
    <system-err><![CDATA[Starting ChromeDriver 92.0.4515.107 (87a818b10553a07434ea9e2b6dccf3cbe7895134-refs/branch-heads/4515@{#1634}) on port 30980
Only local connections are allowed.
Please see https://chromedriver.chromium.org/security-considerations for suggestions on keeping ChromeDriver safe.
ChromeDriver was started successfully.
Aug 11, 2021 11:31:14 PM org.openqa.selenium.remote.ProtocolHandshake createSession
INFO: Detected dialect: W3C
]]></system-err>
  </testcase>
</testsuite>